<?xml version="1.0" encoding="UTF-8"?>
<testng-results ignored="0" total="1" passed="1" failed="0" skipped="0">
  <reporter-output>
  </reporter-output>
  <suite started-at="2022-07-27T12:23:55 IST" name="Default suite" finished-at="2022-07-27T12:24:21 IST" duration-ms="25707">
    <groups>
    </groups>
    <test started-at="2022-07-27T12:23:55 IST" name="Default test" finished-at="2022-07-27T12:24:21 IST" duration-ms="25707">
      <class name="Com.agilecrm.Addcompany">
        <test-method is-config="true" signature="beforeClass()[pri:0, instance:Com.agilecrm.Addcompany@2ed2d9cb]" started-at="2022-07-27T12:23:55 IST" name="beforeClass" finished-at="2022-07-27T12:24:20 IST" duration-ms="24501" status="PASS">
          <reporter-output>
          </reporter-output>
        </test-method> <!-- beforeClass -->
        <test-method signature="addcompany()[pri:0, instance:Com.agilecrm.Addcompany@2ed2d9cb]" started-at="2022-07-27T12:24:20 IST" name="addcompany" finished-at="2022-07-27T12:24:21 IST" duration-ms="1170" status="PASS">
          <reporter-output>
          </reporter-output>
        </test-method> <!-- addcompany -->
      </class> <!-- Com.agilecrm.Addcompany -->
    </test> <!-- Default test -->
  </suite> <!-- Default suite -->
</testng-results>
